<?xml version="1.0" encoding="UTF-8"?>
<testsuite xmlns:xsi="http://www.w3.org/2001/XMLSchema-instance" xsi:noNamespaceSchemaLocation="https://maven.apache.org/surefire/maven-surefire-plugin/xsd/surefire-test-report.xsd" name="com.db.testrunner.TestRunner" time="70.011" tests="8" errors="0" skipped="0" failures="0">
  <properties>
[...]
</properties>
  <testcase name="Submit feedback successfully with a high or low rating" classname="Sentiments Widget Feedback Submission - Basic Flows" time="10.985"/>
  <testcase name="Submit feedback successfully with a high or low rating" classname="Sentiments Widget Feedback Submission - Basic Flows" time="8.046"/>
  <testcase name="Submit feedback successfully with different rating and interest" classname="Sentiments Widget Feedback Submission - Basic Flows" time="8.879"/>
  <testcase name="Submit feedback successfully with different rating and interest" classname="Sentiments Widget Feedback Submission - Basic Flows" time="7.601"/>
  <testcase name="Submit feedback successfully with a low rating" classname="Sentiments Widget Feedback Submission - Basic Flows" time="8.061"/>
  <testcase name="Submit feedback successfully with a low rating" classname="Sentiments Widget Feedback Submission - Basic Flows" time="8.302"/>
  <testcase name="Submit feedback successfully with a low rating" classname="Sentiments Widget Feedback Submission - Basic Flows" time="8.115"/>
  <testcase name="Submit feedback successfully with a low rating" classname="Sentiments Widget Feedback Submission - Basic Flows" time="7.748"/>
</testsuite>